<?xml version="1.0" encoding="UTF-8"?>
<!-- Generated by org.testng.reporters.JUnitReportReporter -->
<testsuite hostname="WM-QWQPDX47HR" failures="0" tests="1" name="testpackage.TestingProj" time="5.014" errors="0" timestamp="2023-09-19T15:29:31 IST" skipped="0">
  <testcase classname="testpackage.TestingProj" name="meth" time="5.014"/>
</testsuite> <!-- testpackage.TestingProj -->
