<?xml version="1.0" encoding="UTF-8"?>
<!-- Generated by org.testng.reporters.JUnitReportReporter -->
<testsuite hostname="WM-QWQPDX47HR" failures="0" tests="4" name="soapreq.TestingProj" time="2.777" errors="0" timestamp="2023-10-24T15:11:18 IST" skipped="0">
  <testcase classname="soapreq.TestingProj" name="refundRequest" time="0.001"/>
  <testcase classname="soapreq.TestingProj" name="sessionRequest" time="2.767"/>
  <testcase classname="soapreq.TestingProj" name="creditRequest" time="0.008"/>
  <testcase classname="soapreq.TestingProj" name="saleRequest" time="0.001"/>
</testsuite> <!-- soapreq.TestingProj -->
